\BOOKMARK [0][-]{chapter.0}{\376\377\000E\000i\000n\000l\000e\000i\000t\000u\000n\000g\000\040\000u\000n\000d\000\040\000M\000o\000t\000i\000v\000a\000t\000i\000o\000n}{}% 1
\BOOKMARK [-1][-]{part.1}{\376\377\000I\000\040\000T\000h\000e\000o\000r\000i\000e\000\040\000z\000u\000m\000\040\000C\000o\000m\000p\000i\000l\000e\000r}{}% 2
\BOOKMARK [0][-]{chapter.1}{\376\377\000C\000o\000m\000p\000i\000l\000e\000r\000\040\000U\000e\000b\000e\000r\000s\000i\000c\000h\000t}{part.1}% 3
\BOOKMARK [0][-]{chapter.2}{\376\377\000D\000e\000r\000\040\000T\000o\000p\000-\000D\000o\000w\000n\000\040\000C\000o\000m\000p\000i\000l\000e\000r}{part.1}% 4
\BOOKMARK [0][-]{chapter.3}{\376\377\000D\000e\000r\000\040\000C\000o\000m\000p\000i\000l\000e\000r\000\040\000i\000m\000\040\000Z\000w\000e\000i\000p\000a\000s\000s\000\040\000V\000e\000r\000f\000a\000h\000r\000e\000n}{part.1}% 5
\BOOKMARK [0][-]{chapter.4}{\376\377\000D\000e\000r\000\040\000E\000B\000N\000F\000-\000b\000a\000s\000i\000e\000r\000t\000e\000\040\000P\000a\000r\000s\000e\000r}{part.1}% 6
\BOOKMARK [0][-]{chapter.5}{\376\377\000D\000i\000e\000\040\000Z\000w\000i\000s\000c\000h\000e\000n\000s\000p\000r\000a\000c\000h\000e\000\040\000i\000m\000\040\000C\000o\000m\000p\000i\000l\000e\000r\000\040\000m\000i\000t\000\040\000Z\000w\000e\000i\000p\000a\000s\000s\000\040\000V\000e\000r\000f\000a\000h\000r\000e\000n}{part.1}% 7
\BOOKMARK [0][-]{chapter.6}{\376\377\000D\000a\000s\000\040\000R\000I\000S\000C\000\040\000B\000i\000n\000a\000e\000r\000c\000o\000d\000e\000\040\000e\000r\000z\000e\000u\000g\000e\000n\000d\000e\000\040\000B\000a\000c\000k\000e\000n\000d}{part.1}% 8
\BOOKMARK [-1][-]{part.2}{\376\377\000I\000I\000\040\000U\000m\000s\000e\000t\000z\000u\000n\000g\000\040\000d\000e\000s\000\040\000C\000o\000m\000p\000i\000l\000e\000r\000s}{}% 9
\BOOKMARK [0][-]{chapter.7}{\376\377\000P\000l\000a\000n\000u\000n\000g\000\040\000D\000e\000s\000\040\000C\000o\000m\000p\000i\000l\000e\000r\000s}{part.2}% 10
\BOOKMARK [1][-]{section.7.1}{\376\377\000S\000e\000k\000t\000i\000o\000n}{chapter.7}% 11
\BOOKMARK [2][-]{subsection.7.1.1}{\376\377\000S\000u\000b\000s\000e\000k\000t\000i\000o\000n}{section.7.1}% 12
\BOOKMARK [1][-]{section.7.2}{\376\377\000F\000a\000z\000i\000t}{chapter.7}% 13
\BOOKMARK [0][-]{chapter.8}{\376\377\000U\000m\000s\000e\000t\000z\000u\000n\000g\000\040\000d\000e\000s\000\040\000P\000a\000r\000s\000e\000r\000s}{part.2}% 14
\BOOKMARK [0][-]{chapter.9}{\376\377\000U\000m\000s\000e\000t\000z\000u\000n\000g\000\040\000d\000e\000r\000\040\000Z\000w\000i\000s\000c\000h\000e\000n\000s\000p\000r\000a\000c\000h\000e}{part.2}% 15
\BOOKMARK [0][-]{chapter.10}{\376\377\000U\000m\000s\000e\000t\000z\000u\000n\000g\000\040\000d\000e\000s\000\040\000R\000I\000S\000C\000\040\000B\000a\000c\000k\000e\000n\000d\000s}{part.2}% 16
\BOOKMARK [0][-]{chapter.11}{\376\377\000U\000m\000s\000e\000t\000z\000u\000n\000g\000\040\000d\000e\000s\000\040\000R\000I\000S\000C\000\040\000I\000n\000t\000e\000r\000p\000r\000e\000t\000e\000r\000s}{part.2}% 17
\BOOKMARK [-1][-]{part.3}{\376\377\000I\000I\000I\000\040\000F\000a\000z\000i\000t\000\040\000u\000n\000d\000\040\000A\000u\000s\000b\000l\000i\000c\000k}{}% 18
\BOOKMARK [0][-]{chapter.12}{\376\377\000I\000n\000s\000p\000e\000k\000t\000i\000o\000n\000\040\000d\000e\000s\000\040\000C\000o\000m\000p\000i\000l\000e\000r\000s}{part.3}% 19
\BOOKMARK [0][-]{chapter.13}{\376\377\000V\000e\000r\000g\000l\000e\000i\000c\000h\000\040\000m\000i\000t\000\040\000a\000n\000d\000e\000r\000e\000n\000,\000\040\000e\000c\000h\000t\000e\000n\000\040\000C\000o\000m\000p\000i\000l\000e\000r\000n}{part.3}% 20
\BOOKMARK [0][-]{chapter.14}{\376\377\000V\000o\000r\000l\000a\000g\000e}{part.3}% 21
\BOOKMARK [1][-]{section.14.1}{\376\377\000S\000e\000k\000t\000i\000o\000n}{chapter.14}% 22
\BOOKMARK [2][-]{subsection.14.1.1}{\376\377\000S\000u\000b\000s\000e\000k\000t\000i\000o\000n}{section.14.1}% 23
\BOOKMARK [1][-]{section.14.2}{\376\377\000F\000a\000z\000i\000t}{chapter.14}% 24
\BOOKMARK [0][-]{chapter.15}{\376\377\000S\000c\000h\000l\000u\000s\000s\000\040\000u\000n\000d\000\040\000F\000a\000z\000i\000t}{part.3}% 25
\BOOKMARK [0][-]{chapter*.6}{\376\377\000L\000i\000t\000e\000r\000a\000t\000u\000r\000v\000e\000r\000z\000e\000i\000c\000h\000n\000i\000s}{part.3}% 26
\BOOKMARK [0][-]{appendix.A}{\376\377\000A\000n\000h\000a\000n\000g\000\040\000A}{part.3}% 27
\BOOKMARK [0][-]{appendix.B}{\376\377\000A\000n\000h\000a\000n\000g\000\040\000B}{part.3}% 28
\BOOKMARK [0][-]{appendix.C}{\376\377\000A\000n\000h\000a\000n\000g\000\040\000C}{part.3}% 29
